#
# There is insufficient memory for the Java Runtime Environment to continue.
# Native memory allocation (malloc) failed to allocate 1855376 bytes for Chunk::new
# Possible reasons:
#   The system is out of physical RAM or swap space
#   The process is running with CompressedOops enabled, and the Java Heap may be blocking the growth of the native heap
# Possible solutions:
#   Reduce memory load on the system
#   Increase physical memory or swap space
#   Check if swap backing store is full
#   Decrease Java heap size (-Xmx/-Xms)
#   Decrease number of Java threads
#   Decrease Java thread stack sizes (-Xss)
#   Set larger code cache with -XX:ReservedCodeCacheSize=
#   JVM is running with Unscaled Compressed Oops mode in which the Java heap is
#     placed in the first 4GB address space. The Java Heap base address is the
#     maximum limit for the native heap growth. Please use -XX:HeapBaseMinAddress
#     to set the Java Heap base and to place the Java Heap above 4GB virtual address.
# This output file may be truncated or incomplete.
#
#  Out of Memory Error (arena.cpp:191), pid=34152, tid=11596
#
# JRE version: OpenJDK Runtime Environment Temurin-17.0.10+7 (17.0.10+7) (build 17.0.10+7)
# Java VM: OpenJDK 64-Bit Server VM Temurin-17.0.10+7 (17.0.10+7, mixed mode, tiered, compressed oops, compressed class ptrs, parallel gc, windows-amd64)
# No core dump will be written. Minidumps are not enabled by default on client versions of Windows
#

---------------  S U M M A R Y ------------

Command Line: --add-modules=ALL-SYSTEM --add-opens=java.base/java.util=ALL-UNNAMED --add-opens=java.base/java.lang=ALL-UNNAMED --add-opens=java.base/sun.nio.fs=ALL-UNNAMED -Declipse.application=org.eclipse.jdt.ls.core.id1 -Dosgi.bundles.defaultStartLevel=4 -Declipse.product=org.eclipse.jdt.ls.core.product -Djava.import.generatesMetadataFilesAtProjectRoot=false -DDetectVMInstallationsJob.disabled=true -Dfile.encoding=utf8 -XX:+UseParallelGC -XX:GCTimeRatio=4 -XX:AdaptiveSizePolicyWeight=90 -Dsun.zip.disableMemoryMapping=true -Xmx1G -Xms100m -Xlog:disable -javaagent:c:\Users\Sel\.vscode\extensions\redhat.java-1.28.1-win32-x64\lombok\lombok-1.18.31.jar -XX:+HeapDumpOnOutOfMemoryError -XX:HeapDumpPath=c:\Users\Sel\AppData\Roaming\Code\User\workspaceStorage\fcca1f89a840ff8bd62c77490d352670\redhat.java -Daether.dependencyCollector.impl=bf c:\Users\Sel\.vscode\extensions\redhat.java-1.28.1-win32-x64\server\plugins\org.eclipse.equinox.launcher_1.6.700.v20231214-2017.jar -configuration c:\Users\Sel\AppData\Roaming\Code\User\globalStorage\redhat.java\1.28.1\config_win -data c:\Users\Sel\AppData\Roaming\Code\User\workspaceStorage\fcca1f89a840ff8bd62c77490d352670\redhat.java\jdt_ws --stdio

Host: Intel(R) Core(TM) i7-10750H CPU @ 2.60GHz, 12 cores, 15G,  Windows 10 , 64 bit Build 19041 (10.0.19041.3636)
Time: Sun Mar 17 20:13:31 2024 Mauritius Standard Time elapsed time: 7.456093 seconds (0d 0h 0m 7s)

---------------  T H R E A D  ---------------

Current thread (0x0000022301c64700):  JavaThread "C2 CompilerThread2" daemon [_thread_in_native, id=11596, stack(0x000000934ec00000,0x000000934ed00000)]


Current CompileTask:
C2:   7456 6005   !   4       org.eclipse.osgi.internal.loader.classpath.ClasspathManager::defineClass (636 bytes)

Stack: [0x000000934ec00000,0x000000934ed00000]
Native frames: (J=compiled Java code, j=interpreted, Vv=VM code, C=native code)
V  [jvm.dll+0x67d2c9]
V  [jvm.dll+0x834afa]
V  [jvm.dll+0x8365be]
V  [jvm.dll+0x836c23]
V  [jvm.dll+0x2477ff]
V  [jvm.dll+0xac514]
V  [jvm.dll+0xacb5c]
V  [jvm.dll+0x366782]
V  [jvm.dll+0x330bfa]
V  [jvm.dll+0x33009a]
V  [jvm.dll+0x219ef1]
V  [jvm.dll+0x219311]
V  [jvm.dll+0x1a502d]
V  [jvm.dll+0x2290de]
V  [jvm.dll+0x2272ac]
V  [jvm.dll+0x7e9bb7]
V  [jvm.dll+0x7e3fba]
V  [jvm.dll+0x67c1b5]
C  [ucrtbase.dll+0x21bb2]
C  [KERNEL32.DLL+0x17344]
C  [ntdll.dll+0x526b1]


---------------  P R O C E S S  ---------------

Threads class SMR info:
_java_thread_list=0x0000022301d62450, length=33, elements={
0x0000022365cf65b0, 0x0000022379b89390, 0x0000022379b8a3a0, 0x000002237ee52300,
0x000002237ee53090, 0x000002237ee56510, 0x000002237ee92ce0, 0x000002237ee981e0,
0x000002237ee987b0, 0x000002237eea0cc0, 0x000002237ef6dff0, 0x0000022300477750,
0x000002230048e380, 0x0000022300c55600, 0x0000022300ebd530, 0x0000022300ecada0,
0x00000223010dcdf0, 0x0000022301633a90, 0x000002230131e170, 0x00000223017fae50,
0x00000223017fbd80, 0x00000223017fb870, 0x00000223017fc290, 0x00000223017fc7a0,
0x0000022301c64700, 0x00000223017fd1c0, 0x00000223017fa940, 0x00000223017fd6d0,
0x00000223017fa430, 0x0000022303dac7a0, 0x0000022303daf020, 0x0000022303dab870,
0x0000022303daa430
}

Java Threads: ( => current thread )
  0x0000022365cf65b0 JavaThread "main" [_thread_blocked, id=42032, stack(0x000000934c800000,0x000000934c900000)]
  0x0000022379b89390 JavaThread "Reference Handler" daemon [_thread_blocked, id=47464, stack(0x000000934cb00000,0x000000934cc00000)]
  0x0000022379b8a3a0 JavaThread "Finalizer" daemon [_thread_blocked, id=18816, stack(0x000000934cc00000,0x000000934cd00000)]
  0x000002237ee52300 JavaThread "Signal Dispatcher" daemon [_thread_blocked, id=36600, stack(0x000000934cd00000,0x000000934ce00000)]
  0x000002237ee53090 JavaThread "Attach Listener" daemon [_thread_blocked, id=37608, stack(0x000000934ce00000,0x000000934cf00000)]
  0x000002237ee56510 JavaThread "Service Thread" daemon [_thread_blocked, id=24704, stack(0x000000934cf00000,0x000000934d000000)]
  0x000002237ee92ce0 JavaThread "Monitor Deflation Thread" daemon [_thread_blocked, id=31300, stack(0x000000934d000000,0x000000934d100000)]
  0x000002237ee981e0 JavaThread "C2 CompilerThread0" daemon [_thread_in_native, id=47472, stack(0x000000934d100000,0x000000934d200000)]
  0x000002237ee987b0 JavaThread "C1 CompilerThread0" daemon [_thread_blocked, id=43168, stack(0x000000934d200000,0x000000934d300000)]
  0x000002237eea0cc0 JavaThread "Sweeper thread" daemon [_thread_blocked, id=42276, stack(0x000000934d300000,0x000000934d400000)]
  0x000002237ef6dff0 JavaThread "Common-Cleaner" daemon [_thread_blocked, id=45332, stack(0x000000934d400000,0x000000934d500000)]
  0x0000022300477750 JavaThread "Notification Thread" daemon [_thread_blocked, id=19980, stack(0x000000934d500000,0x000000934d600000)]
  0x000002230048e380 JavaThread "C2 CompilerThread1" daemon [_thread_in_native, id=44008, stack(0x000000934d700000,0x000000934d800000)]
  0x0000022300c55600 JavaThread "Active Thread: Equinox Container: 18faffca-d189-441e-aa73-d068a4180ff7" [_thread_blocked, id=37476, stack(0x000000934df00000,0x000000934e000000)]
  0x0000022300ebd530 JavaThread "Framework Event Dispatcher: Equinox Container: 18faffca-d189-441e-aa73-d068a4180ff7" daemon [_thread_blocked, id=31116, stack(0x000000934e000000,0x000000934e100000)]
  0x0000022300ecada0 JavaThread "Start Level: Equinox Container: 18faffca-d189-441e-aa73-d068a4180ff7" daemon [_thread_blocked, id=43556, stack(0x000000934e100000,0x000000934e200000)]
  0x00000223010dcdf0 JavaThread "Bundle File Closer" daemon [_thread_blocked, id=39920, stack(0x000000934e300000,0x000000934e400000)]
  0x0000022301633a90 JavaThread "SCR Component Actor" daemon [_thread_blocked, id=41072, stack(0x000000934d800000,0x000000934d900000)]
  0x000002230131e170 JavaThread "SCR Component Registry" daemon [_thread_blocked, id=26860, stack(0x000000934e600000,0x000000934e700000)]
  0x00000223017fae50 JavaThread "Worker-JM" [_thread_blocked, id=30756, stack(0x000000934e700000,0x000000934e800000)]
  0x00000223017fbd80 JavaThread "Worker-0: Synchronizing projects" [_thread_blocked, id=6088, stack(0x000000934e800000,0x000000934e900000)]
  0x00000223017fb870 JavaThread "Worker-1: Refreshing workspace" [_thread_blocked, id=35004, stack(0x000000934e900000,0x000000934ea00000)]
  0x00000223017fc290 JavaThread "Java indexing" daemon [_thread_in_Java, id=48024, stack(0x000000934ea00000,0x000000934eb00000)]
  0x00000223017fc7a0 JavaThread "Worker-2" [_thread_blocked, id=46220, stack(0x000000934eb00000,0x000000934ec00000)]
=>0x0000022301c64700 JavaThread "C2 CompilerThread2" daemon [_thread_in_native, id=11596, stack(0x000000934ec00000,0x000000934ed00000)]
  0x00000223017fd1c0 JavaThread "JNA Cleaner" daemon [_thread_blocked, id=44224, stack(0x000000934ed00000,0x000000934ee00000)]
  0x00000223017fa940 JavaThread "Worker-3" [_thread_blocked, id=36612, stack(0x000000934ee00000,0x000000934ef00000)]
  0x00000223017fd6d0 JavaThread "Worker-4" [_thread_blocked, id=43740, stack(0x000000934ef00000,0x000000934f000000)]
  0x00000223017fa430 JavaThread "pool-2-thread-1" [_thread_blocked, id=43160, stack(0x000000934f000000,0x000000934f100000)]
  0x0000022303dac7a0 JavaThread "WorkspaceEventsHandler" [_thread_blocked, id=42612, stack(0x000000934f100000,0x000000934f200000)]
  0x0000022303daf020 JavaThread "pool-1-thread-1" [_thread_in_native, id=42324, stack(0x000000934f200000,0x000000934f300000)]
  0x0000022303dab870 JavaThread "Worker-5: Java indexing... " [_thread_blocked, id=42164, stack(0x000000934f300000,0x000000934f400000)]
  0x0000022303daa430 JavaThread "Worker-6" [_thread_blocked, id=47364, stack(0x000000934f400000,0x000000934f500000)]

Other Threads:
  0x0000022365daeac0 VMThread "VM Thread" [stack: 0x000000934ca00000,0x000000934cb00000] [id=47412]
  0x0000022300478140 WatcherThread [stack: 0x000000934d600000,0x000000934d700000] [id=47664]
  0x0000022365d0bf60 GCTaskThread "GC Thread#0" [stack: 0x000000934c900000,0x000000934ca00000] [id=37784]
  0x0000022300b056d0 GCTaskThread "GC Thread#1" [stack: 0x000000934d900000,0x000000934da00000] [id=47456]
  0x0000022300a1d280 GCTaskThread "GC Thread#2" [stack: 0x000000934da00000,0x000000934db00000] [id=23368]
  0x0000022300a1d540 GCTaskThread "GC Thread#3" [stack: 0x000000934db00000,0x000000934dc00000] [id=35376]
  0x0000022300e44010 GCTaskThread "GC Thread#4" [stack: 0x000000934dc00000,0x000000934dd00000] [id=25232]
  0x0000022300e442d0 GCTaskThread "GC Thread#5" [stack: 0x000000934dd00000,0x000000934de00000] [id=45380]
  0x0000022300e44590 GCTaskThread "GC Thread#6" [stack: 0x000000934de00000,0x000000934df00000] [id=40052]
  0x0000022300dc7a10 GCTaskThread "GC Thread#7" [stack: 0x000000934e200000,0x000000934e300000] [id=45120]
  0x0000022301066890 GCTaskThread "GC Thread#8" [stack: 0x000000934e400000,0x000000934e500000] [id=19304]
  0x0000022301085e20 GCTaskThread "GC Thread#9" [stack: 0x000000934e500000,0x000000934e600000] [id=19868]

Threads with active compile tasks:
C2 CompilerThread0     7508 6116       4       org.eclipse.jdt.internal.core.JarPackageFragmentRoot::initRawPackageInfo (349 bytes)
C2 CompilerThread1     7508 6031   !   4       org.eclipse.osgi.internal.loader.BundleLoader::findRequiredSource (283 bytes)
C2 CompilerThread2     7508 6005   !   4       org.eclipse.osgi.internal.loader.classpath.ClasspathManager::defineClass (636 bytes)

VM state: not at safepoint (normal execution)

VM Mutex/Monitor currently owned by a thread: None

Heap address: 0x00000000c0000000, size: 1024 MB, Compressed Oops mode: 32-bit

CDS archive(s) not mapped
Compressed class space mapped at: 0x0000000100000000-0x0000000140000000, reserved size: 1073741824
Narrow klass base: 0x0000000000000000, Narrow klass shift: 3, Narrow klass range: 0x140000000

GC Precious Log:
 CPUs: 12 total, 12 available
 Memory: 16169M
 Large Page Support: Disabled
 NUMA Support: Disabled
 Compressed Oops: Enabled (32-bit)
 Alignments: Space 512K, Generation 512K, Heap 2M
 Heap Min Capacity: 100M
 Heap Initial Capacity: 100M
 Heap Max Capacity: 1G
 Pre-touch: Disabled
 Parallel Workers: 10

Heap:
 PSYoungGen      total 24064K, used 12279K [0x00000000eab00000, 0x00000000ec780000, 0x0000000100000000)
  eden space 22016K, 47% used [0x00000000eab00000,0x00000000eb521f60,0x00000000ec080000)
  from space 2048K, 92% used [0x00000000ec580000,0x00000000ec75c020,0x00000000ec780000)
  to   space 2560K, 0% used [0x00000000ec280000,0x00000000ec280000,0x00000000ec500000)
 ParOldGen       total 68608K, used 35716K [0x00000000c0000000, 0x00000000c4300000, 0x00000000eab00000)
  object space 68608K, 52% used [0x00000000c0000000,0x00000000c22e11c0,0x00000000c4300000)
 Metaspace       used 54429K, committed 55424K, reserved 1114112K
  class space    used 5928K, committed 6336K, reserved 1048576K

Card table byte_map: [0x0000022365690000,0x00000223658a0000] _byte_map_base: 0x0000022365090000

Marking Bits: (ParMarkBitMap*) 0x00007ff9d623d7d0
 Begin Bits: [0x0000022377990000, 0x0000022378990000)
 End Bits:   [0x0000022378990000, 0x0000022379990000)

Polling page: 0x0000022363a20000

Metaspace:

Usage:
  Non-class:     47.36 MB used.
      Class:      5.79 MB used.
       Both:     53.15 MB used.

Virtual space:
  Non-class space:       64.00 MB reserved,      47.94 MB ( 75%) committed,  1 nodes.
      Class space:        1.00 GB reserved,       6.19 MB ( <1%) committed,  1 nodes.
             Both:        1.06 GB reserved,      54.12 MB (  5%) committed. 

Chunk freelists:
   Non-Class:  15.59 MB
       Class:  9.78 MB
        Both:  25.38 MB

MaxMetaspaceSize: unlimited
CompressedClassSpaceSize: 1.00 GB
Initial GC threshold: 21.00 MB
Current GC threshold: 58.38 MB
CDS: off
MetaspaceReclaimPolicy: balanced
 - commit_granule_bytes: 65536.
 - commit_granule_words: 8192.
 - virtual_space_node_default_size: 8388608.
 - enlarge_chunks_in_place: 1.
 - new_chunks_are_fully_committed: 0.
 - uncommit_free_chunks: 1.
 - use_allocation_guard: 0.
 - handle_deallocations: 1.


Internal statistics:

num_allocs_failed_limit: 6.
num_arena_births: 452.
num_arena_deaths: 14.
num_vsnodes_births: 2.
num_vsnodes_deaths: 0.
num_space_committed: 866.
num_space_uncommitted: 0.
num_chunks_returned_to_freelist: 20.
num_chunks_taken_from_freelist: 2554.
num_chunk_merges: 11.
num_chunk_splits: 1577.
num_chunks_enlarged: 905.
num_inconsistent_stats: 0.

CodeHeap 'non-profiled nmethods': size=120000Kb used=2873Kb max_used=2873Kb free=117126Kb
 bounds [0x0000022370460000, 0x0000022370730000, 0x0000022377990000]
CodeHeap 'profiled nmethods': size=120000Kb used=10657Kb max_used=10657Kb free=109342Kb
 bounds [0x0000022368990000, 0x0000022369400000, 0x000002236fec0000]
CodeHeap 'non-nmethods': size=5760Kb used=1308Kb max_used=1393Kb free=4451Kb
 bounds [0x000002236fec0000, 0x0000022370130000, 0x0000022370460000]
 total_blobs=6016 nmethods=5381 adapters=547
 compilation: enabled
              stopped_count=0, restarted_count=0
 full_count=0

Compilation events (20 events):
Event: 7.437 Thread 0x000002237ee987b0 6183       2       org.eclipse.core.internal.resources.Resource::checkExists (38 bytes)
Event: 7.438 Thread 0x000002237ee987b0 nmethod 6183 0x00000223693e2290 code [0x00000223693e2460, 0x00000223693e2718]
Event: 7.438 Thread 0x000002237ee987b0 6184       2       sun.nio.fs.WindowsPath::getParent (5 bytes)
Event: 7.438 Thread 0x000002237ee987b0 nmethod 6184 0x00000223693e2910 code [0x00000223693e2aa0, 0x00000223693e2bc8]
Event: 7.438 Thread 0x000002237ee987b0 6185       2       sun.nio.fs.WindowsPath::getParent (74 bytes)
Event: 7.438 Thread 0x000002237ee987b0 nmethod 6185 0x00000223693e2c90 code [0x00000223693e2e80, 0x00000223693e3238]
Event: 7.439 Thread 0x000002237ee987b0 6186       3       java.util.concurrent.locks.ReentrantReadWriteLock$Sync::tryAcquireShared (177 bytes)
Event: 7.440 Thread 0x000002237ee987b0 nmethod 6186 0x00000223693e3510 code [0x00000223693e3740, 0x00000223693e40e8]
Event: 7.440 Thread 0x000002237ee987b0 6187       2       java.util.zip.ZipFile::getEntryName (42 bytes)
Event: 7.440 Thread 0x000002237ee987b0 nmethod 6187 0x00000223693e4390 code [0x00000223693e4540, 0x00000223693e4738]
Event: 7.440 Thread 0x000002237ee987b0 6188       2       org.eclipse.jdt.internal.compiler.classfmt.ClassFileStruct::<init> (20 bytes)
Event: 7.440 Thread 0x000002237ee987b0 nmethod 6188 0x00000223693e4910 code [0x00000223693e4aa0, 0x00000223693e4bd8]
Event: 7.446 Thread 0x000002237ee987b0 6190       2       org.eclipse.core.internal.resources.Resource::checkAccessible (7 bytes)
Event: 7.446 Thread 0x000002237ee987b0 nmethod 6190 0x00000223693e4c90 code [0x00000223693e4e20, 0x00000223693e4f48]
Event: 7.447 Thread 0x000002237ee987b0 6191       2       org.eclipse.jdt.internal.core.JavaModelCache::getInfo (156 bytes)
Event: 7.448 Thread 0x000002237ee987b0 nmethod 6191 0x00000223693e5010 code [0x00000223693e52e0, 0x00000223693e5c78]
Event: 7.448 Thread 0x000002237ee987b0 6192       2       org.eclipse.core.internal.resources.ProjectPreferences::getLoadLevel (59 bytes)
Event: 7.448 Thread 0x000002237ee987b0 nmethod 6192 0x00000223693e6110 code [0x00000223693e62e0, 0x00000223693e66b8]
Event: 7.448 Thread 0x000002237ee987b0 6193  s    1       java.lang.StringBuffer::length (5 bytes)
Event: 7.449 Thread 0x000002237ee987b0 nmethod 6193 0x000002237072e090 code [0x000002237072e220, 0x000002237072e398]

GC Heap History (20 events):
Event: 5.410 GC heap before
{Heap before GC invocations=16 (full 2):
 PSYoungGen      total 24064K, used 23584K [0x00000000eab00000, 0x00000000ec480000, 0x0000000100000000)
  eden space 22016K, 100% used [0x00000000eab00000,0x00000000ec080000,0x00000000ec080000)
  from space 2048K, 76% used [0x00000000ec180000,0x00000000ec308010,0x00000000ec380000)
  to   space 1024K, 0% used [0x00000000ec380000,0x00000000ec380000,0x00000000ec480000)
 ParOldGen       total 68608K, used 18338K [0x00000000c0000000, 0x00000000c4300000, 0x00000000eab00000)
  object space 68608K, 26% used [0x00000000c0000000,0x00000000c11e8a98,0x00000000c4300000)
 Metaspace       used 41621K, committed 42560K, reserved 1114112K
  class space    used 4269K, committed 4672K, reserved 1048576K
}
Event: 5.411 GC heap after
{Heap after GC invocations=16 (full 2):
 PSYoungGen      total 23040K, used 1024K [0x00000000eab00000, 0x00000000ec680000, 0x0000000100000000)
  eden space 22016K, 0% used [0x00000000eab00000,0x00000000eab00000,0x00000000ec080000)
  from space 1024K, 100% used [0x00000000ec380000,0x00000000ec480000,0x00000000ec480000)
  to   space 3072K, 0% used [0x00000000ec080000,0x00000000ec080000,0x00000000ec380000)
 ParOldGen       total 68608K, used 20050K [0x00000000c0000000, 0x00000000c4300000, 0x00000000eab00000)
  object space 68608K, 29% used [0x00000000c0000000,0x00000000c1394aa8,0x00000000c4300000)
 Metaspace       used 41621K, committed 42560K, reserved 1114112K
  class space    used 4269K, committed 4672K, reserved 1048576K
}
Event: 5.535 GC heap before
{Heap before GC invocations=17 (full 2):
 PSYoungGen      total 23040K, used 23040K [0x00000000eab00000, 0x00000000ec680000, 0x0000000100000000)
  eden space 22016K, 100% used [0x00000000eab00000,0x00000000ec080000,0x00000000ec080000)
  from space 1024K, 100% used [0x00000000ec380000,0x00000000ec480000,0x00000000ec480000)
  to   space 3072K, 0% used [0x00000000ec080000,0x00000000ec080000,0x00000000ec380000)
 ParOldGen       total 68608K, used 20050K [0x00000000c0000000, 0x00000000c4300000, 0x00000000eab00000)
  object space 68608K, 29% used [0x00000000c0000000,0x00000000c1394aa8,0x00000000c4300000)
 Metaspace       used 42814K, committed 43712K, reserved 1114112K
  class space    used 4438K, committed 4864K, reserved 1048576K
}
Event: 5.537 GC heap after
{Heap after GC invocations=17 (full 2):
 PSYoungGen      total 24064K, used 1638K [0x00000000eab00000, 0x00000000ec480000, 0x0000000100000000)
  eden space 22016K, 0% used [0x00000000eab00000,0x00000000eab00000,0x00000000ec080000)
  from space 2048K, 80% used [0x00000000ec080000,0x00000000ec219b58,0x00000000ec280000)
  to   space 2048K, 0% used [0x00000000ec280000,0x00000000ec280000,0x00000000ec480000)
 ParOldGen       total 68608K, used 21119K [0x00000000c0000000, 0x00000000c4300000, 0x00000000eab00000)
  object space 68608K, 30% used [0x00000000c0000000,0x00000000c149fc58,0x00000000c4300000)
 Metaspace       used 42814K, committed 43712K, reserved 1114112K
  class space    used 4438K, committed 4864K, reserved 1048576K
}
Event: 5.722 GC heap before
{Heap before GC invocations=18 (full 2):
 PSYoungGen      total 24064K, used 23654K [0x00000000eab00000, 0x00000000ec480000, 0x0000000100000000)
  eden space 22016K, 100% used [0x00000000eab00000,0x00000000ec080000,0x00000000ec080000)
  from space 2048K, 80% used [0x00000000ec080000,0x00000000ec219b58,0x00000000ec280000)
  to   space 2048K, 0% used [0x00000000ec280000,0x00000000ec280000,0x00000000ec480000)
 ParOldGen       total 68608K, used 21119K [0x00000000c0000000, 0x00000000c4300000, 0x00000000eab00000)
  object space 68608K, 30% used [0x00000000c0000000,0x00000000c149fc58,0x00000000c4300000)
 Metaspace       used 44511K, committed 45376K, reserved 1114112K
  class space    used 4649K, committed 5056K, reserved 1048576K
}
Event: 5.723 GC heap after
{Heap after GC invocations=18 (full 2):
 PSYoungGen      total 23552K, used 1069K [0x00000000eab00000, 0x00000000ec400000, 0x0000000100000000)
  eden space 22016K, 0% used [0x00000000eab00000,0x00000000eab00000,0x00000000ec080000)
  from space 1536K, 69% used [0x00000000ec280000,0x00000000ec38b558,0x00000000ec400000)
  to   space 1536K, 0% used [0x00000000ec100000,0x00000000ec100000,0x00000000ec280000)
 ParOldGen       total 68608K, used 22561K [0x00000000c0000000, 0x00000000c4300000, 0x00000000eab00000)
  object space 68608K, 32% used [0x00000000c0000000,0x00000000c1608708,0x00000000c4300000)
 Metaspace       used 44511K, committed 45376K, reserved 1114112K
  class space    used 4649K, committed 5056K, reserved 1048576K
}
Event: 5.977 GC heap before
{Heap before GC invocations=19 (full 2):
 PSYoungGen      total 23552K, used 23085K [0x00000000eab00000, 0x00000000ec400000, 0x0000000100000000)
  eden space 22016K, 100% used [0x00000000eab00000,0x00000000ec080000,0x00000000ec080000)
  from space 1536K, 69% used [0x00000000ec280000,0x00000000ec38b558,0x00000000ec400000)
  to   space 1536K, 0% used [0x00000000ec100000,0x00000000ec100000,0x00000000ec280000)
 ParOldGen       total 68608K, used 22561K [0x00000000c0000000, 0x00000000c4300000, 0x00000000eab00000)
  object space 68608K, 32% used [0x00000000c0000000,0x00000000c1608708,0x00000000c4300000)
 Metaspace       used 46685K, committed 47552K, reserved 1114112K
  class space    used 4932K, committed 5312K, reserved 1048576K
}
Event: 5.978 GC heap after
{Heap after GC invocations=19 (full 2):
 PSYoungGen      total 23040K, used 861K [0x00000000eab00000, 0x00000000ec300000, 0x0000000100000000)
  eden space 22016K, 0% used [0x00000000eab00000,0x00000000eab00000,0x00000000ec080000)
  from space 1024K, 84% used [0x00000000ec100000,0x00000000ec1d7448,0x00000000ec200000)
  to   space 1024K, 0% used [0x00000000ec200000,0x00000000ec200000,0x00000000ec300000)
 ParOldGen       total 68608K, used 23332K [0x00000000c0000000, 0x00000000c4300000, 0x00000000eab00000)
  object space 68608K, 34% used [0x00000000c0000000,0x00000000c16c93e8,0x00000000c4300000)
 Metaspace       used 46685K, committed 47552K, reserved 1114112K
  class space    used 4932K, committed 5312K, reserved 1048576K
}
Event: 6.202 GC heap before
{Heap before GC invocations=20 (full 2):
 PSYoungGen      total 23040K, used 22877K [0x00000000eab00000, 0x00000000ec300000, 0x0000000100000000)
  eden space 22016K, 100% used [0x00000000eab00000,0x00000000ec080000,0x00000000ec080000)
  from space 1024K, 84% used [0x00000000ec100000,0x00000000ec1d7448,0x00000000ec200000)
  to   space 1024K, 0% used [0x00000000ec200000,0x00000000ec200000,0x00000000ec300000)
 ParOldGen       total 68608K, used 23332K [0x00000000c0000000, 0x00000000c4300000, 0x00000000eab00000)
  object space 68608K, 34% used [0x00000000c0000000,0x00000000c16c93e8,0x00000000c4300000)
 Metaspace       used 48505K, committed 49472K, reserved 1114112K
  class space    used 5190K, committed 5632K, reserved 1048576K
}
Event: 6.203 GC heap after
{Heap after GC invocations=20 (full 2):
 PSYoungGen      total 23040K, used 704K [0x00000000eab00000, 0x00000000ec300000, 0x0000000100000000)
  eden space 22016K, 0% used [0x00000000eab00000,0x00000000eab00000,0x00000000ec080000)
  from space 1024K, 68% used [0x00000000ec200000,0x00000000ec2b0000,0x00000000ec300000)
  to   space 1024K, 0% used [0x00000000ec100000,0x00000000ec100000,0x00000000ec200000)
 ParOldGen       total 68608K, used 24047K [0x00000000c0000000, 0x00000000c4300000, 0x00000000eab00000)
  object space 68608K, 35% used [0x00000000c0000000,0x00000000c177be48,0x00000000c4300000)
 Metaspace       used 48505K, committed 49472K, reserved 1114112K
  class space    used 5190K, committed 5632K, reserved 1048576K
}
Event: 6.544 GC heap before
{Heap before GC invocations=21 (full 2):
 PSYoungGen      total 23040K, used 22720K [0x00000000eab00000, 0x00000000ec300000, 0x0000000100000000)
  eden space 22016K, 100% used [0x00000000eab00000,0x00000000ec080000,0x00000000ec080000)
  from space 1024K, 68% used [0x00000000ec200000,0x00000000ec2b0000,0x00000000ec300000)
  to   space 1024K, 0% used [0x00000000ec100000,0x00000000ec100000,0x00000000ec200000)
 ParOldGen       total 68608K, used 24047K [0x00000000c0000000, 0x00000000c4300000, 0x00000000eab00000)
  object space 68608K, 35% used [0x00000000c0000000,0x00000000c177be48,0x00000000c4300000)
 Metaspace       used 50598K, committed 51456K, reserved 1114112K
  class space    used 5445K, committed 5824K, reserved 1048576K
}
Event: 6.547 GC heap after
{Heap after GC invocations=21 (full 2):
 PSYoungGen      total 23040K, used 1024K [0x00000000eab00000, 0x00000000ec480000, 0x0000000100000000)
  eden space 22016K, 0% used [0x00000000eab00000,0x00000000eab00000,0x00000000ec080000)
  from space 1024K, 100% used [0x00000000ec100000,0x00000000ec200000,0x00000000ec200000)
  to   space 2048K, 0% used [0x00000000ec280000,0x00000000ec280000,0x00000000ec480000)
 ParOldGen       total 68608K, used 24671K [0x00000000c0000000, 0x00000000c4300000, 0x00000000eab00000)
  object space 68608K, 35% used [0x00000000c0000000,0x00000000c1817e48,0x00000000c4300000)
 Metaspace       used 50598K, committed 51456K, reserved 1114112K
  class space    used 5445K, committed 5824K, reserved 1048576K
}
Event: 7.003 GC heap before
{Heap before GC invocations=22 (full 2):
 PSYoungGen      total 23040K, used 23007K [0x00000000eab00000, 0x00000000ec480000, 0x0000000100000000)
  eden space 22016K, 99% used [0x00000000eab00000,0x00000000ec077f78,0x00000000ec080000)
  from space 1024K, 100% used [0x00000000ec100000,0x00000000ec200000,0x00000000ec200000)
  to   space 2048K, 0% used [0x00000000ec280000,0x00000000ec280000,0x00000000ec480000)
 ParOldGen       total 68608K, used 24671K [0x00000000c0000000, 0x00000000c4300000, 0x00000000eab00000)
  object space 68608K, 35% used [0x00000000c0000000,0x00000000c1817e48,0x00000000c4300000)
 Metaspace       used 52754K, committed 53632K, reserved 1114112K
  class space    used 5713K, committed 6080K, reserved 1048576K
}
Event: 7.005 GC heap after
{Heap after GC invocations=22 (full 2):
 PSYoungGen      total 23040K, used 947K [0x00000000eab00000, 0x00000000ec380000, 0x0000000100000000)
  eden space 22016K, 0% used [0x00000000eab00000,0x00000000eab00000,0x00000000ec080000)
  from space 1024K, 92% used [0x00000000ec280000,0x00000000ec36cdd0,0x00000000ec380000)
  to   space 1536K, 0% used [0x00000000ec080000,0x00000000ec080000,0x00000000ec200000)
 ParOldGen       total 68608K, used 25638K [0x00000000c0000000, 0x00000000c4300000, 0x00000000eab00000)
  object space 68608K, 37% used [0x00000000c0000000,0x00000000c1909b68,0x00000000c4300000)
 Metaspace       used 52754K, committed 53632K, reserved 1114112K
  class space    used 5713K, committed 6080K, reserved 1048576K
}
Event: 7.246 GC heap before
{Heap before GC invocations=23 (full 2):
 PSYoungGen      total 23040K, used 22963K [0x00000000eab00000, 0x00000000ec380000, 0x0000000100000000)
  eden space 22016K, 100% used [0x00000000eab00000,0x00000000ec080000,0x00000000ec080000)
  from space 1024K, 92% used [0x00000000ec280000,0x00000000ec36cdd0,0x00000000ec380000)
  to   space 1536K, 0% used [0x00000000ec080000,0x00000000ec080000,0x00000000ec200000)
 ParOldGen       total 68608K, used 25638K [0x00000000c0000000, 0x00000000c4300000, 0x00000000eab00000)
  object space 68608K, 37% used [0x00000000c0000000,0x00000000c1909b68,0x00000000c4300000)
 Metaspace       used 53579K, committed 54528K, reserved 1114112K
  class space    used 5818K, committed 6208K, reserved 1048576K
}
Event: 7.250 GC heap after
{Heap after GC invocations=23 (full 2):
 PSYoungGen      total 23552K, used 1522K [0x00000000eab00000, 0x00000000ece80000, 0x0000000100000000)
  eden space 22016K, 0% used [0x00000000eab00000,0x00000000eab00000,0x00000000ec080000)
  from space 1536K, 99% used [0x00000000ec080000,0x00000000ec1fcad0,0x00000000ec200000)
  to   space 7168K, 0% used [0x00000000ec780000,0x00000000ec780000,0x00000000ece80000)
 ParOldGen       total 68608K, used 29940K [0x00000000c0000000, 0x00000000c4300000, 0x00000000eab00000)
  object space 68608K, 43% used [0x00000000c0000000,0x00000000c1d3d200,0x00000000c4300000)
 Metaspace       used 53579K, committed 54528K, reserved 1114112K
  class space    used 5818K, committed 6208K, reserved 1048576K
}
Event: 7.307 GC heap before
{Heap before GC invocations=24 (full 2):
 PSYoungGen      total 23552K, used 23538K [0x00000000eab00000, 0x00000000ece80000, 0x0000000100000000)
  eden space 22016K, 100% used [0x00000000eab00000,0x00000000ec080000,0x00000000ec080000)
  from space 1536K, 99% used [0x00000000ec080000,0x00000000ec1fcad0,0x00000000ec200000)
  to   space 7168K, 0% used [0x00000000ec780000,0x00000000ec780000,0x00000000ece80000)
 ParOldGen       total 68608K, used 29940K [0x00000000c0000000, 0x00000000c4300000, 0x00000000eab00000)
  object space 68608K, 43% used [0x00000000c0000000,0x00000000c1d3d200,0x00000000c4300000)
 Metaspace       used 53946K, committed 54912K, reserved 1114112K
  class space    used 5872K, committed 6272K, reserved 1048576K
}
Event: 7.313 GC heap after
{Heap after GC invocations=24 (full 2):
 PSYoungGen      total 24576K, used 2071K [0x00000000eab00000, 0x00000000eca00000, 0x0000000100000000)
  eden space 22016K, 0% used [0x00000000eab00000,0x00000000eab00000,0x00000000ec080000)
  from space 2560K, 80% used [0x00000000ec780000,0x00000000ec985ee0,0x00000000eca00000)
  to   space 3584K, 0% used [0x00000000ec300000,0x00000000ec300000,0x00000000ec680000)
 ParOldGen       total 68608K, used 31479K [0x00000000c0000000, 0x00000000c4300000, 0x00000000eab00000)
  object space 68608K, 45% used [0x00000000c0000000,0x00000000c1ebdcd0,0x00000000c4300000)
 Metaspace       used 53946K, committed 54912K, reserved 1114112K
  class space    used 5872K, committed 6272K, reserved 1048576K
}
Event: 7.377 GC heap before
{Heap before GC invocations=25 (full 2):
 PSYoungGen      total 24576K, used 24087K [0x00000000eab00000, 0x00000000eca00000, 0x0000000100000000)
  eden space 22016K, 100% used [0x00000000eab00000,0x00000000ec080000,0x00000000ec080000)
  from space 2560K, 80% used [0x00000000ec780000,0x00000000ec985ee0,0x00000000eca00000)
  to   space 3584K, 0% used [0x00000000ec300000,0x00000000ec300000,0x00000000ec680000)
 ParOldGen       total 68608K, used 31479K [0x00000000c0000000, 0x00000000c4300000, 0x00000000eab00000)
  object space 68608K, 45% used [0x00000000c0000000,0x00000000c1ebdcd0,0x00000000c4300000)
 Metaspace       used 54260K, committed 55232K, reserved 1114112K
  class space    used 5917K, committed 6336K, reserved 1048576K
}
Event: 7.380 GC heap after
{Heap after GC invocations=25 (full 2):
 PSYoungGen      total 24576K, used 2416K [0x00000000eab00000, 0x00000000ec800000, 0x0000000100000000)
  eden space 22016K, 0% used [0x00000000eab00000,0x00000000eab00000,0x00000000ec080000)
  from space 2560K, 94% used [0x00000000ec300000,0x00000000ec55c010,0x00000000ec580000)
  to   space 2560K, 0% used [0x00000000ec580000,0x00000000ec580000,0x00000000ec800000)
 ParOldGen       total 68608K, used 33428K [0x00000000c0000000, 0x00000000c4300000, 0x00000000eab00000)
  object space 68608K, 48% used [0x00000000c0000000,0x00000000c20a51b0,0x00000000c4300000)
 Metaspace       used 54260K, committed 55232K, reserved 1114112K
  class space    used 5917K, committed 6336K, reserved 1048576K
}

Dll operation events (10 events):
Event: 0.013 Loaded shared library c:\Users\Sel\.vscode\extensions\redhat.java-1.28.1-win32-x64\jre\17.0.10-win32-x86_64\bin\java.dll
Event: 0.250 Loaded shared library c:\Users\Sel\.vscode\extensions\redhat.java-1.28.1-win32-x64\jre\17.0.10-win32-x86_64\bin\zip.dll
Event: 0.264 Loaded shared library C:\Users\Sel\.vscode\extensions\redhat.java-1.28.1-win32-x64\jre\17.0.10-win32-x86_64\bin\instrument.dll
Event: 0.287 Loaded shared library C:\Users\Sel\.vscode\extensions\redhat.java-1.28.1-win32-x64\jre\17.0.10-win32-x86_64\bin\net.dll
Event: 0.291 Loaded shared library C:\Users\Sel\.vscode\extensions\redhat.java-1.28.1-win32-x64\jre\17.0.10-win32-x86_64\bin\nio.dll
Event: 0.301 Loaded shared library C:\Users\Sel\.vscode\extensions\redhat.java-1.28.1-win32-x64\jre\17.0.10-win32-x86_64\bin\zip.dll
Event: 0.347 Loaded shared library C:\Users\Sel\.vscode\extensions\redhat.java-1.28.1-win32-x64\jre\17.0.10-win32-x86_64\bin\jimage.dll
Event: 0.476 Loaded shared library c:\Users\Sel\.vscode\extensions\redhat.java-1.28.1-win32-x64\jre\17.0.10-win32-x86_64\bin\verify.dll
Event: 2.138 Loaded shared library C:\Users\Sel\AppData\Roaming\Code\User\globalStorage\redhat.java\1.28.1\config_win\org.eclipse.equinox.launcher\org.eclipse.equinox.launcher.win32.win32.x86_64_1.2.900.v20240129-1338\eclipse_11900.dll
Event: 4.891 Loaded shared library C:\Users\Sel\AppData\Local\Temp\jna-83002\jna2967055109463636954.dll

Deoptimization events (20 events):
Event: 7.202 Thread 0x00000223017fa940 Uncommon trap: trap_request=0xffffffde fr.pc=0x00000223705d1400 relative=0x0000000000000e60
Event: 7.202 Thread 0x00000223017fa940 Uncommon trap: reason=class_check action=maybe_recompile pc=0x00000223705d1400 method=java.util.concurrent.ConcurrentHashMap.putVal(Ljava/lang/Object;Ljava/lang/Object;Z)Ljava/lang/Object; @ 242 c2
Event: 7.202 Thread 0x00000223017fa940 DEOPT PACKING pc=0x00000223705d1400 sp=0x000000934eeff0b0
Event: 7.202 Thread 0x00000223017fa940 DEOPT UNPACKING pc=0x000002236ff166a3 sp=0x000000934eeff020 mode 2
Event: 7.213 Thread 0x00000223017fa940 Uncommon trap: trap_request=0xffffff45 fr.pc=0x000002237049b2c8 relative=0x00000000000000a8
Event: 7.213 Thread 0x00000223017fa940 Uncommon trap: reason=unstable_if action=reinterpret pc=0x000002237049b2c8 method=jdk.internal.misc.Unsafe.convEndian(ZI)I @ 4 c2
Event: 7.213 Thread 0x00000223017fa940 DEOPT PACKING pc=0x000002237049b2c8 sp=0x000000934eefece0
Event: 7.213 Thread 0x00000223017fa940 DEOPT UNPACKING pc=0x000002236ff166a3 sp=0x000000934eefeb78 mode 2
Event: 7.226 Thread 0x00000223017fc290 Uncommon trap: trap_request=0xffffff45 fr.pc=0x000002237071b964 relative=0x00000000000007a4
Event: 7.226 Thread 0x00000223017fc290 Uncommon trap: reason=unstable_if action=reinterpret pc=0x000002237071b964 method=org.eclipse.jdt.internal.compiler.util.SimpleLookupTable.put(Ljava/lang/Object;Ljava/lang/Object;)Ljava/lang/Object; @ 95 c2
Event: 7.226 Thread 0x00000223017fc290 DEOPT PACKING pc=0x000002237071b964 sp=0x000000934eafed70
Event: 7.226 Thread 0x00000223017fc290 DEOPT UNPACKING pc=0x000002236ff166a3 sp=0x000000934eafed20 mode 2
Event: 7.347 Thread 0x00000223017fd6d0 DEOPT PACKING pc=0x000002236933ca40 sp=0x000000934effe860
Event: 7.347 Thread 0x00000223017fd6d0 DEOPT UNPACKING pc=0x000002236ff16e43 sp=0x000000934effdd78 mode 0
Event: 7.350 Thread 0x00000223017fd6d0 DEOPT PACKING pc=0x000002236933ca40 sp=0x000000934effe860
Event: 7.350 Thread 0x00000223017fd6d0 DEOPT UNPACKING pc=0x000002236ff16e43 sp=0x000000934effdd78 mode 0
Event: 7.373 Thread 0x00000223017fb870 Uncommon trap: trap_request=0xffffff45 fr.pc=0x0000022370727cc8 relative=0x0000000000000208
Event: 7.373 Thread 0x00000223017fb870 Uncommon trap: reason=unstable_if action=reinterpret pc=0x0000022370727cc8 method=org.eclipse.jdt.internal.compiler.parser.Scanner.scanIdentifierOrKeywordWithBoundCheck()I @ 146 c2
Event: 7.373 Thread 0x00000223017fb870 DEOPT PACKING pc=0x0000022370727cc8 sp=0x000000934e9fd2f0
Event: 7.373 Thread 0x00000223017fb870 DEOPT UNPACKING pc=0x000002236ff166a3 sp=0x000000934e9fd270 mode 2

Classes unloaded (7 events):
Event: 4.712 Thread 0x0000022365daeac0 Unloading class 0x0000000100250400 'java/lang/invoke/LambdaForm$MH+0x0000000100250400'
Event: 4.712 Thread 0x0000022365daeac0 Unloading class 0x0000000100250000 'java/lang/invoke/LambdaForm$MH+0x0000000100250000'
Event: 4.712 Thread 0x0000022365daeac0 Unloading class 0x000000010024fc00 'java/lang/invoke/LambdaForm$MH+0x000000010024fc00'
Event: 4.712 Thread 0x0000022365daeac0 Unloading class 0x000000010024f800 'java/lang/invoke/LambdaForm$MH+0x000000010024f800'
Event: 4.713 Thread 0x0000022365daeac0 Unloading class 0x000000010024f400 'java/lang/invoke/LambdaForm$BMH+0x000000010024f400'
Event: 4.713 Thread 0x0000022365daeac0 Unloading class 0x000000010024f000 'java/lang/invoke/LambdaForm$DMH+0x000000010024f000'
Event: 4.713 Thread 0x0000022365daeac0 Unloading class 0x000000010024c400 'java/lang/invoke/LambdaForm$DMH+0x000000010024c400'

Classes redefined (0 events):
No events

Internal exceptions (20 events):
Event: 5.228 Thread 0x00000223017fbd80 Exception <a 'java/lang/NoSuchMethodError'{0x00000000eb296110}: 'void java.lang.invoke.DirectMethodHandle$Holder.invokeStaticInit(java.lang.Object, java.lang.Object, java.lang.Object)'> (0x00000000eb296110) 
thrown [s\src\hotspot\share\interpreter\linkResolver.cpp, line 759]
Event: 5.301 Thread 0x00000223017fc7a0 Exception <a 'java/lang/NoSuchMethodError'{0x00000000ebc7bc58}: 'int java.lang.invoke.DirectMethodHandle$Holder.invokeSpecialIFC(java.lang.Object, java.lang.Object, java.lang.Object, java.lang.Object, java.lang.Object)'> (0x00000000ebc7bc58) 
thrown [s\src\hotspot\share\interpreter\linkResolver.cpp, line 759]
Event: 5.476 Thread 0x0000022365cf65b0 Exception <a 'java/lang/NoSuchMethodError'{0x00000000ebb8a100}: 'void java.lang.invoke.DirectMethodHandle$Holder.invokeSpecial(java.lang.Object, java.lang.Object, java.lang.Object, java.lang.Object, java.lang.Object, java.lang.Object)'> (0x00000000ebb8a100) 
thrown [s\src\hotspot\share\interpreter\linkResolver.cpp, line 759]
Event: 5.478 Thread 0x0000022365cf65b0 Exception <a 'java/lang/IncompatibleClassChangeError'{0x00000000ebb93b88}: Found class java.lang.Object, but interface was expected> (0x00000000ebb93b88) 
thrown [s\src\hotspot\share\interpreter\linkResolver.cpp, line 826]
Event: 5.482 Thread 0x00000223017fc7a0 Exception <a 'java/lang/NoClassDefFoundError'{0x00000000ebc270d8}: javax/enterprise/inject/Typed> (0x00000000ebc270d8) 
thrown [s\src\hotspot\share\classfile\systemDictionary.cpp, line 245]
Event: 6.396 Thread 0x00000223017fc7a0 Exception <a 'java/lang/ExceptionInInitializerError'{0x00000000eb81a358}> (0x00000000eb81a358) 
thrown [s\src\hotspot\share\oops\instanceKlass.cpp, line 1218]
Event: 6.400 Thread 0x00000223017fc7a0 Implicit null exception at 0x0000022370622cec to 0x00000223706239fc
Event: 6.401 Thread 0x00000223017fc7a0 Implicit null exception at 0x000002237061cd6f to 0x000002237061db50
Event: 6.441 Thread 0x00000223017fc7a0 Implicit null exception at 0x000002237058aeaf to 0x000002237058b060
Event: 6.442 Thread 0x00000223017fc7a0 Implicit null exception at 0x00000223704f6a89 to 0x00000223704f7eac
Event: 6.445 Thread 0x00000223017fc7a0 Exception <a 'java/lang/NoSuchMethodError'{0x00000000eb9d3cf0}: 'java.lang.Object java.lang.invoke.Invokers$Holder.invokeExact_MT(java.lang.Object, int, java.lang.Object)'> (0x00000000eb9d3cf0) 
thrown [s\src\hotspot\share\interpreter\linkResolver.cpp, line 759]
Event: 6.462 Thread 0x00000223017fc7a0 Exception <a 'java/lang/NoSuchMethodError'{0x00000000ebac59c8}: 'int java.lang.invoke.DirectMethodHandle$Holder.invokeSpecial(java.lang.Object, java.lang.Object, java.lang.Object, java.lang.Object)'> (0x00000000ebac59c8) 
thrown [s\src\hotspot\share\interpreter\linkResolver.cpp, line 759]
Event: 6.785 Thread 0x00000223017fc7a0 Exception <a 'java/lang/NoClassDefFoundError'{0x00000000eb9f4e78}: com/google/inject/servlet/ServletModuleTargetVisitor> (0x00000000eb9f4e78) 
thrown [s\src\hotspot\share\classfile\systemDictionary.cpp, line 245]
Event: 6.963 Thread 0x00000223017fbd80 Exception <a 'java/io/FileNotFoundException'{0x00000000ebf60158}> (0x00000000ebf60158) 
thrown [s\src\hotspot\share\prims\jni.cpp, line 516]
Event: 6.972 Thread 0x00000223017fbd80 Exception <a 'java/io/FileNotFoundException'{0x00000000ebf72620}> (0x00000000ebf72620) 
thrown [s\src\hotspot\share\prims\jni.cpp, line 516]
Event: 7.129 Thread 0x00000223017fb870 Exception <a 'java/io/FileNotFoundException'{0x00000000eb5f65b8}> (0x00000000eb5f65b8) 
thrown [s\src\hotspot\share\prims\jni.cpp, line 516]
Event: 7.131 Thread 0x00000223017fb870 Exception <a 'java/io/FileNotFoundException'{0x00000000eb6ab8c8}> (0x00000000eb6ab8c8) 
thrown [s\src\hotspot\share\prims\jni.cpp, line 516]
Event: 7.132 Thread 0x00000223017fb870 Exception <a 'java/io/FileNotFoundException'{0x00000000eb6ac698}> (0x00000000eb6ac698) 
thrown [s\src\hotspot\share\prims\jni.cpp, line 516]
Event: 7.347 Thread 0x0000022303daf020 Exception <a 'java/io/FileNotFoundException'{0x00000000eb384f90}> (0x00000000eb384f90) 
thrown [s\src\hotspot\share\prims\jni.cpp, line 516]
Event: 7.394 Thread 0x0000022303daf020 Exception <a 'sun/nio/fs/WindowsException'{0x00000000eb0675d8}> (0x00000000eb0675d8) 
thrown [s\src\hotspot\share\prims\jni.cpp, line 516]

VM Operations (20 events):
Event: 6.490 Executing VM operation: HandshakeAllThreads
Event: 6.490 Executing VM operation: HandshakeAllThreads done
Event: 6.544 Executing VM operation: ParallelGCFailedAllocation
Event: 6.547 Executing VM operation: ParallelGCFailedAllocation done
Event: 6.923 Executing VM operation: HandshakeAllThreads
Event: 6.929 Executing VM operation: HandshakeAllThreads done
Event: 6.932 Executing VM operation: HandshakeAllThreads
Event: 6.932 Executing VM operation: HandshakeAllThreads done
Event: 6.965 Executing VM operation: ICBufferFull
Event: 6.965 Executing VM operation: ICBufferFull done
Event: 6.983 Executing VM operation: ParallelGCFailedAllocation
Event: 7.012 Executing VM operation: ParallelGCFailedAllocation done
Event: 7.246 Executing VM operation: ParallelGCFailedAllocation
Event: 7.250 Executing VM operation: ParallelGCFailedAllocation done
Event: 7.307 Executing VM operation: ParallelGCFailedAllocation
Event: 7.314 Executing VM operation: ParallelGCFailedAllocation done
Event: 7.328 Executing VM operation: HandshakeAllThreads
Event: 7.328 Executing VM operation: HandshakeAllThreads done
Event: 7.376 Executing VM operation: ParallelGCFailedAllocation
Event: 7.382 Executing VM operation: ParallelGCFailedAllocation done

Events (20 events):
Event: 7.087 loading class jdk/internal/math/FDBigInteger
Event: 7.087 loading class jdk/internal/math/FDBigInteger done
Event: 7.101 loading class java/util/WeakHashMap$KeyIterator
Event: 7.101 loading class java/util/WeakHashMap$KeyIterator done
Event: 7.146 loading class java/util/regex/Pattern$Pos
Event: 7.146 loading class java/util/regex/Pattern$Pos done
Event: 7.212 loading class sun/security/provider/MD5
Event: 7.213 loading class sun/security/provider/MD5 done
Event: 7.213 loading class sun/security/provider/ByteArrayAccess$LE
Event: 7.213 loading class sun/security/provider/ByteArrayAccess$LE done
Event: 7.218 loading class java/util/stream/MatchOps$MatchKind
Event: 7.218 loading class java/util/stream/MatchOps$MatchKind done
Event: 7.218 loading class java/util/stream/MatchOps
Event: 7.218 loading class java/util/stream/MatchOps done
Event: 7.218 loading class java/util/stream/MatchOps$MatchOp
Event: 7.218 loading class java/util/stream/MatchOps$MatchOp done
Event: 7.218 loading class java/util/stream/MatchOps$BooleanTerminalSink
Event: 7.218 loading class java/util/stream/MatchOps$BooleanTerminalSink done
Event: 7.219 loading class java/util/stream/MatchOps$1MatchSink
Event: 7.219 loading class java/util/stream/MatchOps$1MatchSink done


Dynamic libraries:
0x00007ff6a1140000 - 0x00007ff6a114e000 	c:\Users\Sel\.vscode\extensions\redhat.java-1.28.1-win32-x64\jre\17.0.10-win32-x86_64\bin\java.exe
0x00007ffa90290000 - 0x00007ffa90488000 	C:\WINDOWS\SYSTEM32\ntdll.dll
0x00007ffa8f550000 - 0x00007ffa8f60d000 	C:\WINDOWS\System32\KERNEL32.DLL
0x00007ffa8dc50000 - 0x00007ffa8df46000 	C:\WINDOWS\System32\KERNELBASE.dll
0x00007ffa8e190000 - 0x00007ffa8e290000 	C:\WINDOWS\System32\ucrtbase.dll
0x00007ffa60f70000 - 0x00007ffa60f8b000 	c:\Users\Sel\.vscode\extensions\redhat.java-1.28.1-win32-x64\jre\17.0.10-win32-x86_64\bin\VCRUNTIME140.dll
0x00007ffa65900000 - 0x00007ffa65917000 	c:\Users\Sel\.vscode\extensions\redhat.java-1.28.1-win32-x64\jre\17.0.10-win32-x86_64\bin\jli.dll
0x00007ffa8ee80000 - 0x00007ffa8f01e000 	C:\WINDOWS\System32\USER32.dll
0x00007ffa6c3e0000 - 0x00007ffa6c67a000 	C:\WINDOWS\WinSxS\amd64_microsoft.windows.common-controls_6595b64144ccf1df_6.0.19041.3636_none_60b6a03d71f818d5\COMCTL32.dll
0x00007ffa8e290000 - 0x00007ffa8e2b2000 	C:\WINDOWS\System32\win32u.dll
0x00007ffa8f610000 - 0x00007ffa8f6ae000 	C:\WINDOWS\System32\msvcrt.dll
0x00007ffa8f6b0000 - 0x00007ffa8f6db000 	C:\WINDOWS\System32\GDI32.dll
0x00007ffa8dff0000 - 0x00007ffa8e107000 	C:\WINDOWS\System32\gdi32full.dll
0x00007ffa8df50000 - 0x00007ffa8dfed000 	C:\WINDOWS\System32\msvcp_win.dll
0x00007ffa8f300000 - 0x00007ffa8f332000 	C:\WINDOWS\System32\IMM32.DLL
0x00007ffa6b9e0000 - 0x00007ffa6b9ec000 	c:\Users\Sel\.vscode\extensions\redhat.java-1.28.1-win32-x64\jre\17.0.10-win32-x86_64\bin\vcruntime140_1.dll
0x00007ffa29980000 - 0x00007ffa29a0d000 	c:\Users\Sel\.vscode\extensions\redhat.java-1.28.1-win32-x64\jre\17.0.10-win32-x86_64\bin\msvcp140.dll
0x00007ff9d56a0000 - 0x00007ff9d6302000 	c:\Users\Sel\.vscode\extensions\redhat.java-1.28.1-win32-x64\jre\17.0.10-win32-x86_64\bin\server\jvm.dll
0x00007ffa8e760000 - 0x00007ffa8e810000 	C:\WINDOWS\System32\ADVAPI32.dll
0x00007ffa8f930000 - 0x00007ffa8f9d0000 	C:\WINDOWS\System32\sechost.dll
0x00007ffa8f6e0000 - 0x00007ffa8f805000 	C:\WINDOWS\System32\RPCRT4.dll
0x00007ffa8e110000 - 0x00007ffa8e137000 	C:\WINDOWS\System32\bcrypt.dll
0x00007ffa83e70000 - 0x00007ffa83e97000 	C:\WINDOWS\SYSTEM32\WINMM.dll
0x00007ffa609d0000 - 0x00007ffa609d9000 	C:\WINDOWS\SYSTEM32\WSOCK32.dll
0x00007ffa83e00000 - 0x00007ffa83e0a000 	C:\WINDOWS\SYSTEM32\VERSION.dll
0x00007ffa8cea0000 - 0x00007ffa8ceeb000 	C:\WINDOWS\SYSTEM32\POWRPROF.dll
0x00007ffa8f080000 - 0x00007ffa8f0eb000 	C:\WINDOWS\System32\WS2_32.dll
0x00007ffa8cd20000 - 0x00007ffa8cd32000 	C:\WINDOWS\SYSTEM32\UMPDC.dll
0x00007ffa8c140000 - 0x00007ffa8c152000 	C:\WINDOWS\SYSTEM32\kernel.appcore.dll
0x00007ffa6b130000 - 0x00007ffa6b13a000 	c:\Users\Sel\.vscode\extensions\redhat.java-1.28.1-win32-x64\jre\17.0.10-win32-x86_64\bin\jimage.dll
0x00007ffa88660000 - 0x00007ffa88844000 	C:\WINDOWS\SYSTEM32\DBGHELP.DLL
0x00007ffa66610000 - 0x00007ffa66644000 	C:\WINDOWS\SYSTEM32\dbgcore.DLL
0x00007ffa8db10000 - 0x00007ffa8db92000 	C:\WINDOWS\System32\bcryptPrimitives.dll
0x00007ffa68850000 - 0x00007ffa6885e000 	c:\Users\Sel\.vscode\extensions\redhat.java-1.28.1-win32-x64\jre\17.0.10-win32-x86_64\bin\instrument.dll
0x00007ffa3dcb0000 - 0x00007ffa3dcd5000 	c:\Users\Sel\.vscode\extensions\redhat.java-1.28.1-win32-x64\jre\17.0.10-win32-x86_64\bin\java.dll
0x00007ffa60270000 - 0x00007ffa60288000 	c:\Users\Sel\.vscode\extensions\redhat.java-1.28.1-win32-x64\jre\17.0.10-win32-x86_64\bin\zip.dll
0x00007ffa8f9d0000 - 0x00007ffa9013b000 	C:\WINDOWS\System32\SHELL32.dll
0x00007ffa88850000 - 0x00007ffa88fee000 	C:\WINDOWS\SYSTEM32\windows.storage.dll
0x00007ffa8e400000 - 0x00007ffa8e753000 	C:\WINDOWS\System32\combase.dll
0x00007ffa8d370000 - 0x00007ffa8d39e000 	C:\WINDOWS\SYSTEM32\Wldp.dll
0x00007ffa8edb0000 - 0x00007ffa8ee7d000 	C:\WINDOWS\System32\OLEAUT32.dll
0x00007ffa901a0000 - 0x00007ffa9024d000 	C:\WINDOWS\System32\SHCORE.dll
0x00007ffa8e2c0000 - 0x00007ffa8e315000 	C:\WINDOWS\System32\shlwapi.dll
0x00007ffa8d870000 - 0x00007ffa8d895000 	C:\WINDOWS\SYSTEM32\profapi.dll
0x00007ffa60100000 - 0x00007ffa60119000 	C:\Users\Sel\.vscode\extensions\redhat.java-1.28.1-win32-x64\jre\17.0.10-win32-x86_64\bin\net.dll
0x00007ffa85710000 - 0x00007ffa8581a000 	C:\WINDOWS\SYSTEM32\WINHTTP.dll
0x00007ffa8d080000 - 0x00007ffa8d0ea000 	C:\WINDOWS\system32\mswsock.dll
0x00007ffa53a20000 - 0x00007ffa53a36000 	C:\Users\Sel\.vscode\extensions\redhat.java-1.28.1-win32-x64\jre\17.0.10-win32-x86_64\bin\nio.dll
0x00007ffa66a20000 - 0x00007ffa66a30000 	c:\Users\Sel\.vscode\extensions\redhat.java-1.28.1-win32-x64\jre\17.0.10-win32-x86_64\bin\verify.dll
0x00007ffa3b500000 - 0x00007ffa3b53e000 	C:\Users\Sel\AppData\Roaming\Code\User\globalStorage\redhat.java\1.28.1\config_win\org.eclipse.equinox.launcher\org.eclipse.equinox.launcher.win32.win32.x86_64_1.2.900.v20240129-1338\eclipse_11900.dll
0x00007ffa8f0f0000 - 0x00007ffa8f21b000 	C:\WINDOWS\System32\ole32.dll
0x00007ffa8d2a0000 - 0x00007ffa8d2b8000 	C:\WINDOWS\SYSTEM32\CRYPTSP.dll
0x00007ffa8c950000 - 0x00007ffa8c984000 	C:\WINDOWS\system32\rsaenh.dll
0x00007ffa8d7f0000 - 0x00007ffa8d81e000 	C:\WINDOWS\SYSTEM32\USERENV.dll
0x00007ffa8d2c0000 - 0x00007ffa8d2cc000 	C:\WINDOWS\SYSTEM32\CRYPTBASE.dll
0x00007ffa8cd40000 - 0x00007ffa8cd7b000 	C:\WINDOWS\SYSTEM32\IPHLPAPI.DLL
0x00007ffa8e810000 - 0x00007ffa8e818000 	C:\WINDOWS\System32\NSI.dll
0x00007ffa83cf0000 - 0x00007ffa83d07000 	C:\WINDOWS\SYSTEM32\dhcpcsvc6.DLL
0x00007ffa83860000 - 0x00007ffa8387d000 	C:\WINDOWS\SYSTEM32\dhcpcsvc.DLL
0x00007ffa8cd80000 - 0x00007ffa8ce4b000 	C:\WINDOWS\SYSTEM32\DNSAPI.dll
0x00007ffa39120000 - 0x00007ffa39165000 	C:\Users\Sel\AppData\Local\Temp\jna-83002\jna2967055109463636954.dll
0x00007ffa8e820000 - 0x00007ffa8e828000 	C:\WINDOWS\System32\PSAPI.DLL

dbghelp: loaded successfully - version: 4.0.5 - missing functions: none
symbol engine: initialized successfully - sym options: 0x614 - pdb path: .;c:\Users\Sel\.vscode\extensions\redhat.java-1.28.1-win32-x64\jre\17.0.10-win32-x86_64\bin;C:\WINDOWS\SYSTEM32;C:\WINDOWS\WinSxS\amd64_microsoft.windows.common-controls_6595b64144ccf1df_6.0.19041.3636_none_60b6a03d71f818d5;c:\Users\Sel\.vscode\extensions\redhat.java-1.28.1-win32-x64\jre\17.0.10-win32-x86_64\bin\server;C:\Users\Sel\AppData\Roaming\Code\User\globalStorage\redhat.java\1.28.1\config_win\org.eclipse.equinox.launcher\org.eclipse.equinox.launcher.win32.win32.x86_64_1.2.900.v20240129-1338;C:\Users\Sel\AppData\Local\Temp\jna-83002

VM Arguments:
jvm_args: --add-modules=ALL-SYSTEM --add-opens=java.base/java.util=ALL-UNNAMED --add-opens=java.base/java.lang=ALL-UNNAMED --add-opens=java.base/sun.nio.fs=ALL-UNNAMED -Declipse.application=org.eclipse.jdt.ls.core.id1 -Dosgi.bundles.defaultStartLevel=4 -Declipse.product=org.eclipse.jdt.ls.core.product -Djava.import.generatesMetadataFilesAtProjectRoot=false -DDetectVMInstallationsJob.disabled=true -Dfile.encoding=utf8 -XX:+UseParallelGC -XX:GCTimeRatio=4 -XX:AdaptiveSizePolicyWeight=90 -Dsun.zip.disableMemoryMapping=true -Xmx1G -Xms100m -Xlog:disable -javaagent:c:\Users\Sel\.vscode\extensions\redhat.java-1.28.1-win32-x64\lombok\lombok-1.18.31.jar -XX:+HeapDumpOnOutOfMemoryError -XX:HeapDumpPath=c:\Users\Sel\AppData\Roaming\Code\User\workspaceStorage\fcca1f89a840ff8bd62c77490d352670\redhat.java -Daether.dependencyCollector.impl=bf 
java_command: c:\Users\Sel\.vscode\extensions\redhat.java-1.28.1-win32-x64\server\plugins\org.eclipse.equinox.launcher_1.6.700.v20231214-2017.jar -configuration c:\Users\Sel\AppData\Roaming\Code\User\globalStorage\redhat.java\1.28.1\config_win -data c:\Users\Sel\AppData\Roaming\Code\User\workspaceStorage\fcca1f89a840ff8bd62c77490d352670\redhat.java\jdt_ws --stdio
java_class_path (initial): c:\Users\Sel\.vscode\extensions\redhat.java-1.28.1-win32-x64\server\plugins\org.eclipse.equinox.launcher_1.6.700.v20231214-2017.jar
Launcher Type: SUN_STANDARD

[Global flags]
    uintx AdaptiveSizePolicyWeight                 = 90                                        {product} {command line}
     intx CICompilerCount                          = 4                                         {product} {ergonomic}
    uintx GCTimeRatio                              = 4                                         {product} {command line}
     bool HeapDumpOnOutOfMemoryError               = true                                   {manageable} {command line}
    ccstr HeapDumpPath                             = c:\Users\Sel\AppData\Roaming\Code\User\workspaceStorage\fcca1f89a840ff8bd62c77490d352670\redhat.java         {manageable} {command line}
   size_t InitialHeapSize                          = 104857600                                 {product} {command line}
   size_t MaxHeapSize                              = 1073741824                                {product} {command line}
   size_t MaxNewSize                               = 357564416                                 {product} {ergonomic}
   size_t MinHeapDeltaBytes                        = 524288                                    {product} {ergonomic}
   size_t MinHeapSize                              = 104857600                                 {product} {command line}
   size_t NewSize                                  = 34603008                                  {product} {ergonomic}
    uintx NonNMethodCodeHeapSize                   = 5839372                                {pd product} {ergonomic}
    uintx NonProfiledCodeHeapSize                  = 122909434                              {pd product} {ergonomic}
   size_t OldSize                                  = 70254592                                  {product} {ergonomic}
    uintx ProfiledCodeHeapSize                     = 122909434                              {pd product} {ergonomic}
    uintx ReservedCodeCacheSize                    = 251658240                              {pd product} {ergonomic}
     bool SegmentedCodeCache                       = true                                      {product} {ergonomic}
   size_t SoftMaxHeapSize                          = 1073741824                             {manageable} {ergonomic}
     bool UseCompressedClassPointers               = true                           {product lp64_product} {ergonomic}
     bool UseCompressedOops                        = true                           {product lp64_product} {ergonomic}
     bool UseLargePagesIndividualAllocation        = false                                  {pd product} {ergonomic}
     bool UseParallelGC                            = true                                      {product} {command line}

Logging:
Log output configuration:
 #0: stdout all=off uptime,level,tags
 #1: stderr all=off uptime,level,tags

Environment Variables:
PATH=C:\Program Files\Eclipse Adoptium\jdk-21.0.2.13-hotspot\bin;C:\Program Files (x86)\Razer Chroma SDK\bin;C:\Program Files\Razer Chroma SDK\bin;C:\Program Files (x86)\Common Files\Intel\Shared Libraries\redist\intel64\compiler;C:\Program Files (x86)\Razer\ChromaBroadcast\bin;C:\Program Files\Razer\ChromaBroadcast\bin;C:\Windows\system32;C:\Windows;C:\Windows\System32\Wbem;C:\Windows\System32\WindowsPowerShell\v1.0\;C:\Windows\System32\OpenSSH\;C:\Program Files (x86)\NVIDIA Corporation\PhysX\Common;C:\Windows\system32\config\systemprofile\AppData\Local\Microsoft\WindowsApps;C:\WINDOWS\system32;C:\WINDOWS;C:\WINDOWS\System32\Wbem;C:\WINDOWS\System32\WindowsPowerShell\v1.0\;C:\WINDOWS\System32\OpenSSH\;C:\WINDOWS\system32\config\systemprofile\AppData\Local\Microsoft\WindowsApps;C:\Program Files\dotnet\;C:\Program Files\NVIDIA Corporation\NVIDIA NvDLISR;C:\Program Files\Calibre2\;C:\Program Files\Microsoft SQL Server\130\Tools\Binn\;C:\Program Files\nodejs\;C:\ProgramData\chocolatey\bin;C:\Program Files\Microsoft;C:\Program Files\usbipd-win\;C:\Program Files (x86)\ZeroTier\One\;C:\Program Files\Git\cmd;C:\Program Files\Microsoft SQL Server\Client SDK\ODBC\170\Tools\Binn\;C:\Program Files\Microsoft SQL Server\150\DTS\Binn\;C:\Program Files\MATLAB\R2023b\runtime\win64;C:\Program Files\MATLAB\R2023b\bin;C:\Program Files\MySQL\MySQL Shell 8.0\bin\;C:\MinGW\bin;C:\Users\Sel\AppData\Local\Microsoft\WindowsApps;C:\Users\Sel\.dotnet\tools;C:\Users\Sel\AppData\Local\Programs\Microsoft VS Code\bin;C:\Users\Sel\AppData\Roaming\npm;C:\Users\Sel\AppData\Local\GitHubDesktop\bin;C:\Program Files\CMake\bin;C:\Program Files\Azure Data Studio\bin;C:\tools\dart-sdk\bin;C:\Users\Sel\AppData\Local\Pub\Cache\bin;C:\flutter\bin;
USERNAME=Sel
OS=Windows_NT
PROCESSOR_IDENTIFIER=Intel64 Family 6 Model 165 Stepping 2, GenuineIntel
TMP=C:\Users\Sel\AppData\Local\Temp
TEMP=C:\Users\Sel\AppData\Local\Temp



Periodic native trim disabled


---------------  S Y S T E M  ---------------

OS:
 Windows 10 , 64 bit Build 19041 (10.0.19041.3636)
OS uptime: 0 days 11:29 hours
Hyper-V role detected

CPU: total 12 (initial active 12) (6 cores per cpu, 2 threads per core) family 6 model 165 stepping 2 microcode 0xc8, cx8, cmov, fxsr, ht, mmx, 3dnowpref, sse, sse2, sse3, ssse3, sse4.1, sse4.2, popcnt, lzcnt, tsc, tscinvbit, avx, avx2, aes, erms, clmul, bmi1, bmi2, adx, fma, vzeroupper, clflush, clflushopt, hv
Processor Information for all 12 processors :
  Max Mhz: 2592, Current Mhz: 2592, Mhz Limit: 2592

Memory: 4k page, system-wide physical 16169M (2488M free)
TotalPageFile size 46169M (AvailPageFile size 10M)
current process WorkingSet (physical memory assigned to process): 228M, peak: 229M
current process commit charge ("private bytes"): 310M, peak: 312M

vm_info: OpenJDK 64-Bit Server VM (17.0.10+7) for windows-amd64 JRE (17.0.10+7), built on Jan 16 2024 23:25:11 by "admin" with MS VC++ 16.10 / 16.11 (VS2019)

END.
